<?xml version="1.0" encoding="UTF-8"?>
<testsuite name="com.github.louism33.axolotl.evaluation.MateTest" time="93.103" tests="151" errors="0" skipped="0" failures="6">
  <properties>
    <property name="java.runtime.name" value="Java(TM) SE Runtime Environment"/>
    <property name="java.vm.version" value="11.0.1+13-LTS"/>
    <property name="sun.boot.library.path" value="/usr/lib/jvm/jdk-11.0.1/lib"/>
    <property name="maven.multiModuleProjectDirectory" value="/home/louis/IdeaProjects/Axolotl"/>
    <property name="java.vm.vendor" value="Oracle Corporation"/>
    <property name="java.vendor.url" value="http://java.oracle.com/"/>
    <property name="guice.disable.misplaced.annotation.check" value="true"/>
    <property name="path.separator" value=":"/>
    <property name="java.vm.name" value="Java HotSpot(TM) 64-Bit Server VM"/>
    <property name="sun.os.patch.level" value="unknown"/>
    <property name="user.country" value="US"/>
    <property name="sun.java.launcher" value="SUN_STANDARD"/>
    <property name="java.vm.specification.name" value="Java Virtual Machine Specification"/>
    <property name="user.dir" value="/home/louis/IdeaProjects/Axolotl"/>
    <property name="java.vm.compressedOopsMode" value="32-bit"/>
    <property name="java.runtime.version" value="11.0.1+13-LTS"/>
    <property name="java.awt.graphicsenv" value="sun.awt.X11GraphicsEnvironment"/>
    <property name="os.arch" value="amd64"/>
    <property name="java.io.tmpdir" value="/tmp"/>
    <property name="line.separator" value="&#10;"/>
    <property name="java.vm.specification.vendor" value="Oracle Corporation"/>
    <property name="os.name" value="Linux"/>
    <property name="classworlds.conf" value="/usr/share/maven/bin/m2.conf"/>
    <property name="sun.jnu.encoding" value="UTF-8"/>
    <property name="java.library.path" value="/usr/java/packages/lib:/usr/lib64:/lib64:/lib:/usr/lib"/>
    <property name="jdk.debug" value="release"/>
    <property name="java.class.version" value="55.0"/>
    <property name="java.specification.name" value="Java Platform API Specification"/>
    <property name="sun.management.compiler" value="HotSpot 64-Bit Tiered Compilers"/>
    <property name="os.version" value="4.15.0-36-generic"/>
    <property name="user.home" value="/home/louis"/>
    <property name="user.timezone" value="Europe/Berlin"/>
    <property name="java.awt.printerjob" value="sun.print.PSPrinterJob"/>
    <property name="file.encoding" value="UTF-8"/>
    <property name="java.specification.version" value="11"/>
    <property name="user.name" value="louis"/>
    <property name="java.class.path" value="/usr/share/maven/boot/plexus-classworlds-2.x.jar"/>
    <property name="java.vm.specification.version" value="11"/>
    <property name="sun.arch.data.model" value="64"/>
    <property name="sun.java.command" value="org.codehaus.plexus.classworlds.launcher.Launcher test"/>
    <property name="java.home" value="/usr/lib/jvm/jdk-11.0.1"/>
    <property name="user.language" value="en"/>
    <property name="java.specification.vendor" value="Oracle Corporation"/>
    <property name="awt.toolkit" value="sun.awt.X11.XToolkit"/>
    <property name="java.vm.info" value="mixed mode"/>
    <property name="java.version" value="11.0.1"/>
    <property name="securerandom.source" value="file:/dev/./urandom"/>
    <property name="java.vendor" value="Oracle Corporation"/>
    <property name="maven.home" value="/usr/share/maven"/>
    <property name="file.separator" value="/"/>
    <property name="java.version.date" value="2018-10-16"/>
    <property name="java.vendor.url.bug" value="http://bugreport.java.com/bugreport/"/>
    <property name="sun.io.unicode.encoding" value="UnicodeLittle"/>
    <property name="sun.cpu.endian" value="little"/>
    <property name="java.vendor.version" value="18.9"/>
    <property name="sun.desktop" value="gnome"/>
    <property name="sun.cpu.isalist" value=""/>
  </properties>
  <testcase name="test[0 Test: ]" classname="com.github.louism33.axolotl.evaluation.MateTest" time="0.126"/>
  <testcase name="test[1 Test: ]" classname="com.github.louism33.axolotl.evaluation.MateTest" time="0.055"/>
  <testcase name="test[2 Test: ]" classname="com.github.louism33.axolotl.evaluation.MateTest" time="0.017"/>
  <testcase name="test[3 Test: ]" classname="com.github.louism33.axolotl.evaluation.MateTest" time="0.037"/>
  <testcase name="test[4 Test: ]" classname="com.github.louism33.axolotl.evaluation.MateTest" time="0.008"/>
  <testcase name="test[5 Test: ]" classname="com.github.louism33.axolotl.evaluation.MateTest" time="0.01"/>
  <testcase name="test[6 Test: ]" classname="com.github.louism33.axolotl.evaluation.MateTest" time="0.003"/>
  <testcase name="test[7 Test: ]" classname="com.github.louism33.axolotl.evaluation.MateTest" time="0.006"/>
  <testcase name="test[8 Test: ]" classname="com.github.louism33.axolotl.evaluation.MateTest" time="0.004"/>
  <testcase name="test[9 Test: ]" classname="com.github.louism33.axolotl.evaluation.MateTest" time="0.004"/>
  <testcase name="test[10 Test: ]" classname="com.github.louism33.axolotl.evaluation.MateTest" time="0.004"/>
  <testcase name="test[11 Test: ]" classname="com.github.louism33.axolotl.evaluation.MateTest" time="0.006"/>
  <testcase name="test[12 Test: ]" classname="com.github.louism33.axolotl.evaluation.MateTest" time="0.006"/>
  <testcase name="test[13 Test: ]" classname="com.github.louism33.axolotl.evaluation.MateTest" time="0.004"/>
  <testcase name="test[14 Test: ]" classname="com.github.louism33.axolotl.evaluation.MateTest" time="0.004"/>
  <testcase name="test[15 Test: ]" classname="com.github.louism33.axolotl.evaluation.MateTest" time="0.004"/>
  <testcase name="test[16 Test: ]" classname="com.github.louism33.axolotl.evaluation.MateTest" time="0.004"/>
  <testcase name="test[17 Test: ]" classname="com.github.louism33.axolotl.evaluation.MateTest" time="0.006"/>
  <testcase name="test[18 Test: ]" classname="com.github.louism33.axolotl.evaluation.MateTest" time="0.003"/>
  <testcase name="test[19 Test: ]" classname="com.github.louism33.axolotl.evaluation.MateTest" time="0.005"/>
  <testcase name="test[20 Test: ]" classname="com.github.louism33.axolotl.evaluation.MateTest" time="0.004"/>
  <testcase name="test[21 Test: ]" classname="com.github.louism33.axolotl.evaluation.MateTest" time="0.024"/>
  <testcase name="test[22 Test: ]" classname="com.github.louism33.axolotl.evaluation.MateTest" time="0.004"/>
  <testcase name="test[23 Test: ]" classname="com.github.louism33.axolotl.evaluation.MateTest" time="0.008"/>
  <testcase name="test[24 Test: ]" classname="com.github.louism33.axolotl.evaluation.MateTest" time="0"/>
  <testcase name="test[25 Test: ]" classname="com.github.louism33.axolotl.evaluation.MateTest" time="0.007"/>
  <testcase name="test[26 Test: ]" classname="com.github.louism33.axolotl.evaluation.MateTest" time="0.001"/>
  <testcase name="test[27 Test: ]" classname="com.github.louism33.axolotl.evaluation.MateTest" time="0.056"/>
  <testcase name="test[28 Test: ]" classname="com.github.louism33.axolotl.evaluation.MateTest" time="0.002"/>
  <testcase name="test[29 Test: ]" classname="com.github.louism33.axolotl.evaluation.MateTest" time="0.005"/>
  <testcase name="test[30 Test: ]" classname="com.github.louism33.axolotl.evaluation.MateTest" time="0.005"/>
  <testcase name="test[31 Test: ]" classname="com.github.louism33.axolotl.evaluation.MateTest" time="0.006"/>
  <testcase name="test[32 Test: ]" classname="com.github.louism33.axolotl.evaluation.MateTest" time="0.014"/>
  <testcase name="test[33 Test: ]" classname="com.github.louism33.axolotl.evaluation.MateTest" time="0.008"/>
  <testcase name="test[34 Test: ]" classname="com.github.louism33.axolotl.evaluation.MateTest" time="0.007"/>
  <testcase name="test[35 Test: ]" classname="com.github.louism33.axolotl.evaluation.MateTest" time="0.001"/>
  <testcase name="test[36 Test: ]" classname="com.github.louism33.axolotl.evaluation.MateTest" time="0.055"/>
  <testcase name="test[37 Test: ]" classname="com.github.louism33.axolotl.evaluation.MateTest" time="0.032"/>
  <testcase name="test[38 Test: ]" classname="com.github.louism33.axolotl.evaluation.MateTest" time="0.008"/>
  <testcase name="test[39 Test: ]" classname="com.github.louism33.axolotl.evaluation.MateTest" time="0.011"/>
  <testcase name="test[40 Test: ]" classname="com.github.louism33.axolotl.evaluation.MateTest" time="0.008"/>
  <testcase name="test[41 Test: ]" classname="com.github.louism33.axolotl.evaluation.MateTest" time="0.027"/>
  <testcase name="test[42 Test: ]" classname="com.github.louism33.axolotl.evaluation.MateTest" time="0.021"/>
  <testcase name="test[43 Test: ]" classname="com.github.louism33.axolotl.evaluation.MateTest" time="0.012"/>
  <testcase name="test[44 Test: ]" classname="com.github.louism33.axolotl.evaluation.MateTest" time="0.102"/>
  <testcase name="test[45 Test: ]" classname="com.github.louism33.axolotl.evaluation.MateTest" time="0.563"/>
  <testcase name="test[46 Test: ]" classname="com.github.louism33.axolotl.evaluation.MateTest" time="0.07"/>
  <testcase name="test[47 Test: ]" classname="com.github.louism33.axolotl.evaluation.MateTest" time="0.07"/>
  <testcase name="test[48 Test: ]" classname="com.github.louism33.axolotl.evaluation.MateTest" time="0.015"/>
  <testcase name="test[49 Test: ]" classname="com.github.louism33.axolotl.evaluation.MateTest" time="0.014"/>
  <testcase name="test[50 Test: ]" classname="com.github.louism33.axolotl.evaluation.MateTest" time="0.009"/>
  <testcase name="test[51 Test: ]" classname="com.github.louism33.axolotl.evaluation.MateTest" time="0.016"/>
  <testcase name="test[52 Test: ]" classname="com.github.louism33.axolotl.evaluation.MateTest" time="0.046"/>
  <testcase name="test[53 Test: ]" classname="com.github.louism33.axolotl.evaluation.MateTest" time="0.026"/>
  <testcase name="test[54 Test: ]" classname="com.github.louism33.axolotl.evaluation.MateTest" time="0.04"/>
  <testcase name="test[55 Test: ]" classname="com.github.louism33.axolotl.evaluation.MateTest" time="0.119"/>
  <testcase name="test[56 Test: ]" classname="com.github.louism33.axolotl.evaluation.MateTest" time="0.037"/>
  <testcase name="test[57 Test: ]" classname="com.github.louism33.axolotl.evaluation.MateTest" time="2.721"/>
  <testcase name="test[58 Test: ]" classname="com.github.louism33.axolotl.evaluation.MateTest" time="0.036"/>
  <testcase name="test[59 Test: ]" classname="com.github.louism33.axolotl.evaluation.MateTest" time="0.02"/>
  <testcase name="test[60 Test: ]" classname="com.github.louism33.axolotl.evaluation.MateTest" time="0.037"/>
  <testcase name="test[61 Test: ]" classname="com.github.louism33.axolotl.evaluation.MateTest" time="0.015"/>
  <testcase name="test[62 Test: ]" classname="com.github.louism33.axolotl.evaluation.MateTest" time="0.069"/>
  <testcase name="test[63 Test: ]" classname="com.github.louism33.axolotl.evaluation.MateTest" time="0.158"/>
  <testcase name="test[64 Test: ]" classname="com.github.louism33.axolotl.evaluation.MateTest" time="0.061"/>
  <testcase name="test[65 Test: ]" classname="com.github.louism33.axolotl.evaluation.MateTest" time="0.165"/>
  <testcase name="test[66 Test: ]" classname="com.github.louism33.axolotl.evaluation.MateTest" time="0.088"/>
  <testcase name="test[67 Test: ]" classname="com.github.louism33.axolotl.evaluation.MateTest" time="0.435"/>
  <testcase name="test[68 Test: ]" classname="com.github.louism33.axolotl.evaluation.MateTest" time="0.095"/>
  <testcase name="test[69 Test: ]" classname="com.github.louism33.axolotl.evaluation.MateTest" time="0.134"/>
  <testcase name="test[70 Test: ]" classname="com.github.louism33.axolotl.evaluation.MateTest" time="0.019"/>
  <testcase name="test[71 Test: ]" classname="com.github.louism33.axolotl.evaluation.MateTest" time="0.07"/>
  <testcase name="test[72 Test: ]" classname="com.github.louism33.axolotl.evaluation.MateTest" time="0.02"/>
  <testcase name="test[73 Test: ]" classname="com.github.louism33.axolotl.evaluation.MateTest" time="0.035"/>
  <testcase name="test[74 Test: ]" classname="com.github.louism33.axolotl.evaluation.MateTest" time="0.315"/>
  <testcase name="test[75 Test: ]" classname="com.github.louism33.axolotl.evaluation.MateTest" time="0.183"/>
  <testcase name="test[76 Test: ]" classname="com.github.louism33.axolotl.evaluation.MateTest" time="10.005">
    <failure type="java.lang.AssertionError:">java.lang.AssertionError: null
	at org.junit.Assert.fail(Assert.java:87)
	at org.junit.Assert.assertTrue(Assert.java:42)
	at org.junit.Assert.assertTrue(Assert.java:53)
	at com.github.louism33.axolotl.evaluation.MateTest.test(MateTest.java:54)
</failure>
    <system-out><![CDATA[
6k1/3b3r/1p1p4/p1n2p2/1PPNpP1q/P3Q1p1/1R1RB1P1/5K2 
Move to get:        h4f4
Best move found:    d7c6
NPS:                432381
]]></system-out>
  </testcase>
  <testcase name="test[77 Test: ]" classname="com.github.louism33.axolotl.evaluation.MateTest" time="0.059"/>
  <testcase name="test[78 Test: ]" classname="com.github.louism33.axolotl.evaluation.MateTest" time="3.443"/>
  <testcase name="test[79 Test: ]" classname="com.github.louism33.axolotl.evaluation.MateTest" time="10.001">
    <failure type="java.lang.AssertionError:">java.lang.AssertionError: null
	at org.junit.Assert.fail(Assert.java:87)
	at org.junit.Assert.assertTrue(Assert.java:42)
	at org.junit.Assert.assertTrue(Assert.java:53)
	at com.github.louism33.axolotl.evaluation.MateTest.test(MateTest.java:54)
</failure>
    <system-out><![CDATA[
3r4/1b5p/ppqP1Ppk/2p1rp2/2P1P3/3n2N1/P5QP/3R1RK1 
Move to get:        g3f5
Best move found:    g2h3
NPS:                863970
]]></system-out>
  </testcase>
  <testcase name="test[80 Test: ]" classname="com.github.louism33.axolotl.evaluation.MateTest" time="0.298"/>
  <testcase name="test[81 Test: ]" classname="com.github.louism33.axolotl.evaluation.MateTest" time="8.617"/>
  <testcase name="test[82 Test: ]" classname="com.github.louism33.axolotl.evaluation.MateTest" time="10.001">
    <failure type="java.lang.AssertionError:">java.lang.AssertionError: null
	at org.junit.Assert.fail(Assert.java:87)
	at org.junit.Assert.assertTrue(Assert.java:42)
	at org.junit.Assert.assertTrue(Assert.java:53)
	at com.github.louism33.axolotl.evaluation.MateTest.test(MateTest.java:54)
</failure>
    <system-out><![CDATA[
7k/1p2r1p1/pPq4p/7R/1P1Nn2P/P5p1/1B3r2/3Q2K1 
Move to get:        e4g5
Best move found:    f2b2
NPS:                1357199
]]></system-out>
  </testcase>
  <testcase name="test[83 Test: ]" classname="com.github.louism33.axolotl.evaluation.MateTest" time="0.253"/>
  <testcase name="test[84 Test: ]" classname="com.github.louism33.axolotl.evaluation.MateTest" time="0.225"/>
  <testcase name="test[85 Test: ]" classname="com.github.louism33.axolotl.evaluation.MateTest" time="0.52"/>
  <testcase name="test[86 Test: ]" classname="com.github.louism33.axolotl.evaluation.MateTest" time="10.001">
    <failure type="java.lang.AssertionError:">java.lang.AssertionError: null
	at org.junit.Assert.fail(Assert.java:87)
	at org.junit.Assert.assertTrue(Assert.java:42)
	at org.junit.Assert.assertTrue(Assert.java:53)
	at com.github.louism33.axolotl.evaluation.MateTest.test(MateTest.java:54)
</failure>
    <system-out><![CDATA[
2r3k1/p2R1p2/1p5Q/4N3/7P/4P3/b5PK/5q2 
Move to get:        e5c6
Best move found:    d7d2
NPS:                1723991
]]></system-out>
  </testcase>
  <testcase name="test[87 Test: ]" classname="com.github.louism33.axolotl.evaluation.MateTest" time="0.041"/>
  <testcase name="test[88 Test: ]" classname="com.github.louism33.axolotl.evaluation.MateTest" time="0.03"/>
  <testcase name="test[89 Test: ]" classname="com.github.louism33.axolotl.evaluation.MateTest" time="0.094"/>
  <testcase name="test[90 Test: ]" classname="com.github.louism33.axolotl.evaluation.MateTest" time="3.434"/>
  <testcase name="test[91 Test: ]" classname="com.github.louism33.axolotl.evaluation.MateTest" time="0.023"/>
  <testcase name="test[92 Test: ]" classname="com.github.louism33.axolotl.evaluation.MateTest" time="0.025"/>
  <testcase name="test[93 Test: ]" classname="com.github.louism33.axolotl.evaluation.MateTest" time="0.021"/>
  <testcase name="test[94 Test: ]" classname="com.github.louism33.axolotl.evaluation.MateTest" time="0.136"/>
  <testcase name="test[95 Test: ]" classname="com.github.louism33.axolotl.evaluation.MateTest" time="0.128"/>
  <testcase name="test[96 Test: ]" classname="com.github.louism33.axolotl.evaluation.MateTest" time="0.084"/>
  <testcase name="test[97 Test: ]" classname="com.github.louism33.axolotl.evaluation.MateTest" time="0.017"/>
  <testcase name="test[98 Test: ]" classname="com.github.louism33.axolotl.evaluation.MateTest" time="0.022"/>
  <testcase name="test[99 Test: ]" classname="com.github.louism33.axolotl.evaluation.MateTest" time="0.099"/>
  <testcase name="test[100 Test: ]" classname="com.github.louism33.axolotl.evaluation.MateTest" time="0.021"/>
  <testcase name="test[101 Test: ]" classname="com.github.louism33.axolotl.evaluation.MateTest" time="0.037"/>
  <testcase name="test[102 Test: ]" classname="com.github.louism33.axolotl.evaluation.MateTest" time="9.624"/>
  <testcase name="test[103 Test: ]" classname="com.github.louism33.axolotl.evaluation.MateTest" time="0.048"/>
  <testcase name="test[104 Test: ]" classname="com.github.louism33.axolotl.evaluation.MateTest" time="0.014"/>
  <testcase name="test[105 Test: ]" classname="com.github.louism33.axolotl.evaluation.MateTest" time="0.082"/>
  <testcase name="test[106 Test: ]" classname="com.github.louism33.axolotl.evaluation.MateTest" time="0.038"/>
  <testcase name="test[107 Test: ]" classname="com.github.louism33.axolotl.evaluation.MateTest" time="0.103"/>
  <testcase name="test[108 Test: ]" classname="com.github.louism33.axolotl.evaluation.MateTest" time="0.313"/>
  <testcase name="test[109 Test: ]" classname="com.github.louism33.axolotl.evaluation.MateTest" time="0.109"/>
  <testcase name="test[110 Test: ]" classname="com.github.louism33.axolotl.evaluation.MateTest" time="0.15"/>
  <testcase name="test[111 Test: ]" classname="com.github.louism33.axolotl.evaluation.MateTest" time="0.056"/>
  <testcase name="test[112 Test: ]" classname="com.github.louism33.axolotl.evaluation.MateTest" time="0.06"/>
  <testcase name="test[113 Test: ]" classname="com.github.louism33.axolotl.evaluation.MateTest" time="0.152"/>
  <testcase name="test[114 Test: ]" classname="com.github.louism33.axolotl.evaluation.MateTest" time="0.03"/>
  <testcase name="test[115 Test: ]" classname="com.github.louism33.axolotl.evaluation.MateTest" time="0.076"/>
  <testcase name="test[116 Test: ]" classname="com.github.louism33.axolotl.evaluation.MateTest" time="0.156"/>
  <testcase name="test[117 Test: ]" classname="com.github.louism33.axolotl.evaluation.MateTest" time="0.12"/>
  <testcase name="test[118 Test: ]" classname="com.github.louism33.axolotl.evaluation.MateTest" time="0.024"/>
  <testcase name="test[119 Test: ]" classname="com.github.louism33.axolotl.evaluation.MateTest" time="10.001">
    <failure type="java.lang.AssertionError:">java.lang.AssertionError: null
	at org.junit.Assert.fail(Assert.java:87)
	at org.junit.Assert.assertTrue(Assert.java:42)
	at org.junit.Assert.assertTrue(Assert.java:53)
	at com.github.louism33.axolotl.evaluation.MateTest.test(MateTest.java:54)
</failure>
    <system-out><![CDATA[
r1bq1rk1/4np1p/1p3RpB/p1Q5/2Bp4/3P4/PPP3PP/R5K1 
Move to get:        c5e5
Best move found:    f6f2
NPS:                2443215
]]></system-out>
  </testcase>
  <testcase name="test[120 Test: ]" classname="com.github.louism33.axolotl.evaluation.MateTest" time="0.058"/>
  <testcase name="test[121 Test: ]" classname="com.github.louism33.axolotl.evaluation.MateTest" time="0.115"/>
  <testcase name="test[122 Test: ]" classname="com.github.louism33.axolotl.evaluation.MateTest" time="0.124"/>
  <testcase name="test[123 Test: ]" classname="com.github.louism33.axolotl.evaluation.MateTest" time="0.242"/>
  <testcase name="test[124 Test: ]" classname="com.github.louism33.axolotl.evaluation.MateTest" time="0.056"/>
  <testcase name="test[125 Test: ]" classname="com.github.louism33.axolotl.evaluation.MateTest" time="0.155"/>
  <testcase name="test[126 Test: ]" classname="com.github.louism33.axolotl.evaluation.MateTest" time="0.051"/>
  <testcase name="test[127 Test: ]" classname="com.github.louism33.axolotl.evaluation.MateTest" time="0.059"/>
  <testcase name="test[128 Test: ]" classname="com.github.louism33.axolotl.evaluation.MateTest" time="1.549"/>
  <testcase name="test[129 Test: ]" classname="com.github.louism33.axolotl.evaluation.MateTest" time="0.078"/>
  <testcase name="test[130 Test: ]" classname="com.github.louism33.axolotl.evaluation.MateTest" time="0.071"/>
  <testcase name="test[131 Test: ]" classname="com.github.louism33.axolotl.evaluation.MateTest" time="0.041"/>
  <testcase name="test[132 Test: ]" classname="com.github.louism33.axolotl.evaluation.MateTest" time="0.088"/>
  <testcase name="test[133 Test: ]" classname="com.github.louism33.axolotl.evaluation.MateTest" time="0.431"/>
  <testcase name="test[134 Test: ]" classname="com.github.louism33.axolotl.evaluation.MateTest" time="0.02"/>
  <testcase name="test[135 Test: ]" classname="com.github.louism33.axolotl.evaluation.MateTest" time="0.112"/>
  <testcase name="test[136 Test: ]" classname="com.github.louism33.axolotl.evaluation.MateTest" time="0.059"/>
  <testcase name="test[137 Test: ]" classname="com.github.louism33.axolotl.evaluation.MateTest" time="0.14"/>
  <testcase name="test[138 Test: ]" classname="com.github.louism33.axolotl.evaluation.MateTest" time="2.085"/>
  <testcase name="test[139 Test: ]" classname="com.github.louism33.axolotl.evaluation.MateTest" time="0.048"/>
  <testcase name="test[140 Test: ]" classname="com.github.louism33.axolotl.evaluation.MateTest" time="0.032"/>
  <testcase name="test[141 Test: ]" classname="com.github.louism33.axolotl.evaluation.MateTest" time="0.488"/>
  <testcase name="test[142 Test: ]" classname="com.github.louism33.axolotl.evaluation.MateTest" time="0.046"/>
  <testcase name="test[143 Test: ]" classname="com.github.louism33.axolotl.evaluation.MateTest" time="0.083"/>
  <testcase name="test[144 Test: ]" classname="com.github.louism33.axolotl.evaluation.MateTest" time="1.18">
    <failure type="java.lang.AssertionError:">java.lang.AssertionError: null
	at org.junit.Assert.fail(Assert.java:87)
	at org.junit.Assert.assertTrue(Assert.java:42)
	at org.junit.Assert.assertTrue(Assert.java:53)
	at com.github.louism33.axolotl.evaluation.MateTest.test(MateTest.java:54)
</failure>
    <system-out><![CDATA[
rr4Rb/2pnqb1k/np1p1p1B/3PpP2/p1P1P2P/2N3R1/PP2BP2/1KQ5 
Move to get:        h6g7
Best move found:    g8h8
NPS:                22609919
]]></system-out>
  </testcase>
  <testcase name="test[145 Test: ]" classname="com.github.louism33.axolotl.evaluation.MateTest" time="0.124"/>
  <testcase name="test[146 Test: ]" classname="com.github.louism33.axolotl.evaluation.MateTest" time="0.019"/>
  <testcase name="test[147 Test: ]" classname="com.github.louism33.axolotl.evaluation.MateTest" time="0.036"/>
  <testcase name="test[148 Test: ]" classname="com.github.louism33.axolotl.evaluation.MateTest" time="0.025"/>
  <testcase name="test[149 Test: ]" classname="com.github.louism33.axolotl.evaluation.MateTest" time="0.176"/>
  <testcase name="test[150 Test: ]" classname="com.github.louism33.axolotl.evaluation.MateTest" time="0.076"/>
</testsuite>