<?xml version="1.0" encoding="UTF-8"?>
<testsuite name="com.github.louism33.axolotl.evaluation.MateTest" time="97.617" tests="150" errors="0" skipped="0" failures="3">
  <properties>
    <property name="java.runtime.name" value="Java(TM) SE Runtime Environment"/>
    <property name="java.vm.version" value="11.0.1+13-LTS"/>
    <property name="sun.boot.library.path" value="/usr/lib/jvm/jdk-11.0.1/lib"/>
    <property name="maven.multiModuleProjectDirectory" value="/home/louis/IdeaProjects/Axolotl"/>
    <property name="java.vm.vendor" value="Oracle Corporation"/>
    <property name="java.vendor.url" value="http://java.oracle.com/"/>
    <property name="guice.disable.misplaced.annotation.check" value="true"/>
    <property name="path.separator" value=":"/>
    <property name="java.vm.name" value="Java HotSpot(TM) 64-Bit Server VM"/>
    <property name="sun.os.patch.level" value="unknown"/>
    <property name="user.country" value="US"/>
    <property name="sun.java.launcher" value="SUN_STANDARD"/>
    <property name="java.vm.specification.name" value="Java Virtual Machine Specification"/>
    <property name="user.dir" value="/home/louis/IdeaProjects/Axolotl"/>
    <property name="java.vm.compressedOopsMode" value="32-bit"/>
    <property name="java.runtime.version" value="11.0.1+13-LTS"/>
    <property name="java.awt.graphicsenv" value="sun.awt.X11GraphicsEnvironment"/>
    <property name="os.arch" value="amd64"/>
    <property name="java.io.tmpdir" value="/tmp"/>
    <property name="line.separator" value="&#10;"/>
    <property name="java.vm.specification.vendor" value="Oracle Corporation"/>
    <property name="os.name" value="Linux"/>
    <property name="classworlds.conf" value="/usr/share/maven/bin/m2.conf"/>
    <property name="sun.jnu.encoding" value="UTF-8"/>
    <property name="java.library.path" value="/usr/java/packages/lib:/usr/lib64:/lib64:/lib:/usr/lib"/>
    <property name="jdk.debug" value="release"/>
    <property name="java.class.version" value="55.0"/>
    <property name="java.specification.name" value="Java Platform API Specification"/>
    <property name="sun.management.compiler" value="HotSpot 64-Bit Tiered Compilers"/>
    <property name="os.version" value="4.15.0-36-generic"/>
    <property name="user.home" value="/home/louis"/>
    <property name="user.timezone" value="Europe/Berlin"/>
    <property name="java.awt.printerjob" value="sun.print.PSPrinterJob"/>
    <property name="file.encoding" value="UTF-8"/>
    <property name="java.specification.version" value="11"/>
    <property name="user.name" value="louis"/>
    <property name="java.class.path" value="/usr/share/maven/boot/plexus-classworlds-2.x.jar"/>
    <property name="java.vm.specification.version" value="11"/>
    <property name="sun.arch.data.model" value="64"/>
    <property name="sun.java.command" value="org.codehaus.plexus.classworlds.launcher.Launcher test"/>
    <property name="java.home" value="/usr/lib/jvm/jdk-11.0.1"/>
    <property name="user.language" value="en"/>
    <property name="java.specification.vendor" value="Oracle Corporation"/>
    <property name="awt.toolkit" value="sun.awt.X11.XToolkit"/>
    <property name="java.vm.info" value="mixed mode"/>
    <property name="java.version" value="11.0.1"/>
    <property name="securerandom.source" value="file:/dev/./urandom"/>
    <property name="java.vendor" value="Oracle Corporation"/>
    <property name="maven.home" value="/usr/share/maven"/>
    <property name="file.separator" value="/"/>
    <property name="java.version.date" value="2018-10-16"/>
    <property name="java.vendor.url.bug" value="http://bugreport.java.com/bugreport/"/>
    <property name="sun.io.unicode.encoding" value="UnicodeLittle"/>
    <property name="sun.cpu.endian" value="little"/>
    <property name="java.vendor.version" value="18.9"/>
    <property name="sun.desktop" value="gnome"/>
    <property name="sun.cpu.isalist" value=""/>
  </properties>
  <testcase name="test[0 Test: ]" classname="com.github.louism33.axolotl.evaluation.MateTest" time="0.15"/>
  <testcase name="test[1 Test: ]" classname="com.github.louism33.axolotl.evaluation.MateTest" time="0.04"/>
  <testcase name="test[2 Test: ]" classname="com.github.louism33.axolotl.evaluation.MateTest" time="0.015"/>
  <testcase name="test[3 Test: ]" classname="com.github.louism33.axolotl.evaluation.MateTest" time="0.011"/>
  <testcase name="test[4 Test: ]" classname="com.github.louism33.axolotl.evaluation.MateTest" time="0.007"/>
  <testcase name="test[5 Test: ]" classname="com.github.louism33.axolotl.evaluation.MateTest" time="0.009"/>
  <testcase name="test[6 Test: ]" classname="com.github.louism33.axolotl.evaluation.MateTest" time="0.009"/>
  <testcase name="test[7 Test: ]" classname="com.github.louism33.axolotl.evaluation.MateTest" time="0.007"/>
  <testcase name="test[8 Test: ]" classname="com.github.louism33.axolotl.evaluation.MateTest" time="0.004"/>
  <testcase name="test[9 Test: ]" classname="com.github.louism33.axolotl.evaluation.MateTest" time="0.006"/>
  <testcase name="test[10 Test: ]" classname="com.github.louism33.axolotl.evaluation.MateTest" time="0.004"/>
  <testcase name="test[11 Test: ]" classname="com.github.louism33.axolotl.evaluation.MateTest" time="0.005"/>
  <testcase name="test[12 Test: ]" classname="com.github.louism33.axolotl.evaluation.MateTest" time="0.01"/>
  <testcase name="test[13 Test: ]" classname="com.github.louism33.axolotl.evaluation.MateTest" time="0.005"/>
  <testcase name="test[14 Test: ]" classname="com.github.louism33.axolotl.evaluation.MateTest" time="0.004"/>
  <testcase name="test[15 Test: ]" classname="com.github.louism33.axolotl.evaluation.MateTest" time="0.009"/>
  <testcase name="test[16 Test: ]" classname="com.github.louism33.axolotl.evaluation.MateTest" time="0.019"/>
  <testcase name="test[17 Test: ]" classname="com.github.louism33.axolotl.evaluation.MateTest" time="0.011"/>
  <testcase name="test[18 Test: ]" classname="com.github.louism33.axolotl.evaluation.MateTest" time="0"/>
  <testcase name="test[19 Test: ]" classname="com.github.louism33.axolotl.evaluation.MateTest" time="0.009"/>
  <testcase name="test[20 Test: ]" classname="com.github.louism33.axolotl.evaluation.MateTest" time="0.005"/>
  <testcase name="test[21 Test: ]" classname="com.github.louism33.axolotl.evaluation.MateTest" time="0.162"/>
  <testcase name="test[22 Test: ]" classname="com.github.louism33.axolotl.evaluation.MateTest" time="0.005"/>
  <testcase name="test[23 Test: ]" classname="com.github.louism33.axolotl.evaluation.MateTest" time="0.007"/>
  <testcase name="test[24 Test: ]" classname="com.github.louism33.axolotl.evaluation.MateTest" time="0.011"/>
  <testcase name="test[25 Test: ]" classname="com.github.louism33.axolotl.evaluation.MateTest" time="0.017"/>
  <testcase name="test[26 Test: ]" classname="com.github.louism33.axolotl.evaluation.MateTest" time="0.012"/>
  <testcase name="test[27 Test: ]" classname="com.github.louism33.axolotl.evaluation.MateTest" time="0.156"/>
  <testcase name="test[28 Test: ]" classname="com.github.louism33.axolotl.evaluation.MateTest" time="0.014"/>
  <testcase name="test[29 Test: ]" classname="com.github.louism33.axolotl.evaluation.MateTest" time="0.008"/>
  <testcase name="test[30 Test: ]" classname="com.github.louism33.axolotl.evaluation.MateTest" time="0.01"/>
  <testcase name="test[31 Test: ]" classname="com.github.louism33.axolotl.evaluation.MateTest" time="0.006"/>
  <testcase name="test[32 Test: ]" classname="com.github.louism33.axolotl.evaluation.MateTest" time="0.006"/>
  <testcase name="test[33 Test: ]" classname="com.github.louism33.axolotl.evaluation.MateTest" time="0.005"/>
  <testcase name="test[34 Test: ]" classname="com.github.louism33.axolotl.evaluation.MateTest" time="0.008"/>
  <testcase name="test[35 Test: ]" classname="com.github.louism33.axolotl.evaluation.MateTest" time="0.02"/>
  <testcase name="test[36 Test: ]" classname="com.github.louism33.axolotl.evaluation.MateTest" time="0.073"/>
  <testcase name="test[37 Test: ]" classname="com.github.louism33.axolotl.evaluation.MateTest" time="0.025"/>
  <testcase name="test[38 Test: ]" classname="com.github.louism33.axolotl.evaluation.MateTest" time="0.011"/>
  <testcase name="test[39 Test: ]" classname="com.github.louism33.axolotl.evaluation.MateTest" time="0.021"/>
  <testcase name="test[40 Test: ]" classname="com.github.louism33.axolotl.evaluation.MateTest" time="0.023"/>
  <testcase name="test[41 Test: ]" classname="com.github.louism33.axolotl.evaluation.MateTest" time="0.02"/>
  <testcase name="test[42 Test: ]" classname="com.github.louism33.axolotl.evaluation.MateTest" time="0.025"/>
  <testcase name="test[43 Test: ]" classname="com.github.louism33.axolotl.evaluation.MateTest" time="0.056"/>
  <testcase name="test[44 Test: ]" classname="com.github.louism33.axolotl.evaluation.MateTest" time="0.057"/>
  <testcase name="test[45 Test: ]" classname="com.github.louism33.axolotl.evaluation.MateTest" time="0.271"/>
  <testcase name="test[46 Test: ]" classname="com.github.louism33.axolotl.evaluation.MateTest" time="0.079"/>
  <testcase name="test[47 Test: ]" classname="com.github.louism33.axolotl.evaluation.MateTest" time="0.05"/>
  <testcase name="test[48 Test: ]" classname="com.github.louism33.axolotl.evaluation.MateTest" time="0.051"/>
  <testcase name="test[49 Test: ]" classname="com.github.louism33.axolotl.evaluation.MateTest" time="0.036"/>
  <testcase name="test[50 Test: ]" classname="com.github.louism33.axolotl.evaluation.MateTest" time="0.125"/>
  <testcase name="test[51 Test: ]" classname="com.github.louism33.axolotl.evaluation.MateTest" time="0.027"/>
  <testcase name="test[52 Test: ]" classname="com.github.louism33.axolotl.evaluation.MateTest" time="0.051"/>
  <testcase name="test[53 Test: ]" classname="com.github.louism33.axolotl.evaluation.MateTest" time="0.028"/>
  <testcase name="test[54 Test: ]" classname="com.github.louism33.axolotl.evaluation.MateTest" time="0.086"/>
  <testcase name="test[55 Test: ]" classname="com.github.louism33.axolotl.evaluation.MateTest" time="0.142"/>
  <testcase name="test[56 Test: ]" classname="com.github.louism33.axolotl.evaluation.MateTest" time="0.071"/>
  <testcase name="test[57 Test: ]" classname="com.github.louism33.axolotl.evaluation.MateTest" time="0.602"/>
  <testcase name="test[58 Test: ]" classname="com.github.louism33.axolotl.evaluation.MateTest" time="0.052"/>
  <testcase name="test[59 Test: ]" classname="com.github.louism33.axolotl.evaluation.MateTest" time="0.092"/>
  <testcase name="test[60 Test: ]" classname="com.github.louism33.axolotl.evaluation.MateTest" time="0.05"/>
  <testcase name="test[61 Test: ]" classname="com.github.louism33.axolotl.evaluation.MateTest" time="0.032"/>
  <testcase name="test[62 Test: ]" classname="com.github.louism33.axolotl.evaluation.MateTest" time="0.052"/>
  <testcase name="test[63 Test: ]" classname="com.github.louism33.axolotl.evaluation.MateTest" time="0.231"/>
  <testcase name="test[64 Test: ]" classname="com.github.louism33.axolotl.evaluation.MateTest" time="0.037"/>
  <testcase name="test[65 Test: ]" classname="com.github.louism33.axolotl.evaluation.MateTest" time="0.101"/>
  <testcase name="test[66 Test: ]" classname="com.github.louism33.axolotl.evaluation.MateTest" time="0.059"/>
  <testcase name="test[67 Test: ]" classname="com.github.louism33.axolotl.evaluation.MateTest" time="0.112"/>
  <testcase name="test[68 Test: ]" classname="com.github.louism33.axolotl.evaluation.MateTest" time="0.105"/>
  <testcase name="test[69 Test: ]" classname="com.github.louism33.axolotl.evaluation.MateTest" time="0.028"/>
  <testcase name="test[70 Test: ]" classname="com.github.louism33.axolotl.evaluation.MateTest" time="0.092"/>
  <testcase name="test[71 Test: ]" classname="com.github.louism33.axolotl.evaluation.MateTest" time="0.021"/>
  <testcase name="test[72 Test: ]" classname="com.github.louism33.axolotl.evaluation.MateTest" time="0.035"/>
  <testcase name="test[73 Test: ]" classname="com.github.louism33.axolotl.evaluation.MateTest" time="0.03"/>
  <testcase name="test[74 Test: ]" classname="com.github.louism33.axolotl.evaluation.MateTest" time="0.13"/>
  <testcase name="test[75 Test: ]" classname="com.github.louism33.axolotl.evaluation.MateTest" time="0.096"/>
  <testcase name="test[76 Test: ]" classname="com.github.louism33.axolotl.evaluation.MateTest" time="0.023"/>
  <testcase name="test[77 Test: ]" classname="com.github.louism33.axolotl.evaluation.MateTest" time="7.345"/>
  <testcase name="test[78 Test: ]" classname="com.github.louism33.axolotl.evaluation.MateTest" time="7.854"/>
  <testcase name="test[79 Test: ]" classname="com.github.louism33.axolotl.evaluation.MateTest" time="0.102"/>
  <testcase name="test[80 Test: ]" classname="com.github.louism33.axolotl.evaluation.MateTest" time="7.73"/>
  <testcase name="test[81 Test: ]" classname="com.github.louism33.axolotl.evaluation.MateTest" time="0.833">
    <failure type="java.lang.AssertionError:">java.lang.AssertionError: null
	at org.junit.Assert.fail(Assert.java:87)
	at org.junit.Assert.assertTrue(Assert.java:42)
	at org.junit.Assert.assertTrue(Assert.java:53)
	at com.github.louism33.axolotl.evaluation.MateTest.test(MateTest.java:50)
</failure>
    <system-out><![CDATA[
7k/1p2r1p1/pPq4p/7R/1P1Nn2P/P5p1/1B3r2/3Q2K1 
Move to get: g7g5
Best move: e4g5
]]></system-out>
  </testcase>
  <testcase name="test[82 Test: ]" classname="com.github.louism33.axolotl.evaluation.MateTest" time="0.12"/>
  <testcase name="test[83 Test: ]" classname="com.github.louism33.axolotl.evaluation.MateTest" time="0.012"/>
  <testcase name="test[84 Test: ]" classname="com.github.louism33.axolotl.evaluation.MateTest" time="0.131"/>
  <testcase name="test[85 Test: ]" classname="com.github.louism33.axolotl.evaluation.MateTest" time="26.856">
    <failure type="java.lang.AssertionError:">java.lang.AssertionError: null
	at org.junit.Assert.fail(Assert.java:87)
	at org.junit.Assert.assertTrue(Assert.java:42)
	at org.junit.Assert.assertTrue(Assert.java:53)
	at com.github.louism33.axolotl.evaluation.MateTest.test(MateTest.java:50)
</failure>
    <system-out><![CDATA[
2r3k1/p2R1p2/1p5Q/4N3/7P/4P3/b5PK/5q2 
Move to get: e5c6
Best move: h6g5, nps: 382031
]]></system-out>
  </testcase>
  <testcase name="test[86 Test: ]" classname="com.github.louism33.axolotl.evaluation.MateTest" time="0.174"/>
  <testcase name="test[87 Test: ]" classname="com.github.louism33.axolotl.evaluation.MateTest" time="0.068"/>
  <testcase name="test[88 Test: ]" classname="com.github.louism33.axolotl.evaluation.MateTest" time="0.016"/>
  <testcase name="test[89 Test: ]" classname="com.github.louism33.axolotl.evaluation.MateTest" time="7.597"/>
  <testcase name="test[90 Test: ]" classname="com.github.louism33.axolotl.evaluation.MateTest" time="0.01"/>
  <testcase name="test[91 Test: ]" classname="com.github.louism33.axolotl.evaluation.MateTest" time="0.018"/>
  <testcase name="test[92 Test: ]" classname="com.github.louism33.axolotl.evaluation.MateTest" time="0.017"/>
  <testcase name="test[93 Test: ]" classname="com.github.louism33.axolotl.evaluation.MateTest" time="0.024"/>
  <testcase name="test[94 Test: ]" classname="com.github.louism33.axolotl.evaluation.MateTest" time="0.215"/>
  <testcase name="test[95 Test: ]" classname="com.github.louism33.axolotl.evaluation.MateTest" time="0.134"/>
  <testcase name="test[96 Test: ]" classname="com.github.louism33.axolotl.evaluation.MateTest" time="0.009"/>
  <testcase name="test[97 Test: ]" classname="com.github.louism33.axolotl.evaluation.MateTest" time="0.034"/>
  <testcase name="test[98 Test: ]" classname="com.github.louism33.axolotl.evaluation.MateTest" time="0.021"/>
  <testcase name="test[99 Test: ]" classname="com.github.louism33.axolotl.evaluation.MateTest" time="0.028"/>
  <testcase name="test[100 Test: ]" classname="com.github.louism33.axolotl.evaluation.MateTest" time="0.022"/>
  <testcase name="test[101 Test: ]" classname="com.github.louism33.axolotl.evaluation.MateTest" time="10.279">
    <failure type="java.lang.AssertionError:">java.lang.AssertionError: null
	at org.junit.Assert.fail(Assert.java:87)
	at org.junit.Assert.assertTrue(Assert.java:42)
	at org.junit.Assert.assertTrue(Assert.java:53)
	at com.github.louism33.axolotl.evaluation.MateTest.test(MateTest.java:50)
</failure>
    <system-out><![CDATA[
r1r3k1/1bq2pbR/p5p1/1pnpp1B1/3NP3/3B1P2/PPPQ4/1K5R 
Move to get: g5f6
Best move: h7g7, nps: 1300836
]]></system-out>
  </testcase>
  <testcase name="test[102 Test: ]" classname="com.github.louism33.axolotl.evaluation.MateTest" time="0.035"/>
  <testcase name="test[103 Test: ]" classname="com.github.louism33.axolotl.evaluation.MateTest" time="0.024"/>
  <testcase name="test[104 Test: ]" classname="com.github.louism33.axolotl.evaluation.MateTest" time="0.008"/>
  <testcase name="test[105 Test: ]" classname="com.github.louism33.axolotl.evaluation.MateTest" time="0.027"/>
  <testcase name="test[106 Test: ]" classname="com.github.louism33.axolotl.evaluation.MateTest" time="0.038"/>
  <testcase name="test[107 Test: ]" classname="com.github.louism33.axolotl.evaluation.MateTest" time="0.051"/>
  <testcase name="test[108 Test: ]" classname="com.github.louism33.axolotl.evaluation.MateTest" time="0.024"/>
  <testcase name="test[109 Test: ]" classname="com.github.louism33.axolotl.evaluation.MateTest" time="0.022"/>
  <testcase name="test[110 Test: ]" classname="com.github.louism33.axolotl.evaluation.MateTest" time="0.196"/>
  <testcase name="test[111 Test: ]" classname="com.github.louism33.axolotl.evaluation.MateTest" time="0.053"/>
  <testcase name="test[112 Test: ]" classname="com.github.louism33.axolotl.evaluation.MateTest" time="0.021"/>
  <testcase name="test[113 Test: ]" classname="com.github.louism33.axolotl.evaluation.MateTest" time="0.27"/>
  <testcase name="test[114 Test: ]" classname="com.github.louism33.axolotl.evaluation.MateTest" time="0.054"/>
  <testcase name="test[115 Test: ]" classname="com.github.louism33.axolotl.evaluation.MateTest" time="0.028"/>
  <testcase name="test[116 Test: ]" classname="com.github.louism33.axolotl.evaluation.MateTest" time="0.027"/>
  <testcase name="test[117 Test: ]" classname="com.github.louism33.axolotl.evaluation.MateTest" time="0.046"/>
  <testcase name="test[118 Test: ]" classname="com.github.louism33.axolotl.evaluation.MateTest" time="12.03"/>
  <testcase name="test[119 Test: ]" classname="com.github.louism33.axolotl.evaluation.MateTest" time="0.012"/>
  <testcase name="test[120 Test: ]" classname="com.github.louism33.axolotl.evaluation.MateTest" time="0.04"/>
  <testcase name="test[121 Test: ]" classname="com.github.louism33.axolotl.evaluation.MateTest" time="0.027"/>
  <testcase name="test[122 Test: ]" classname="com.github.louism33.axolotl.evaluation.MateTest" time="0.034"/>
  <testcase name="test[123 Test: ]" classname="com.github.louism33.axolotl.evaluation.MateTest" time="0.028"/>
  <testcase name="test[124 Test: ]" classname="com.github.louism33.axolotl.evaluation.MateTest" time="0.019"/>
  <testcase name="test[125 Test: ]" classname="com.github.louism33.axolotl.evaluation.MateTest" time="0.173"/>
  <testcase name="test[126 Test: ]" classname="com.github.louism33.axolotl.evaluation.MateTest" time="0.066"/>
  <testcase name="test[127 Test: ]" classname="com.github.louism33.axolotl.evaluation.MateTest" time="6.336"/>
  <testcase name="test[128 Test: ]" classname="com.github.louism33.axolotl.evaluation.MateTest" time="0.118"/>
  <testcase name="test[129 Test: ]" classname="com.github.louism33.axolotl.evaluation.MateTest" time="0.024"/>
  <testcase name="test[130 Test: ]" classname="com.github.louism33.axolotl.evaluation.MateTest" time="0.013"/>
  <testcase name="test[131 Test: ]" classname="com.github.louism33.axolotl.evaluation.MateTest" time="0.062"/>
  <testcase name="test[132 Test: ]" classname="com.github.louism33.axolotl.evaluation.MateTest" time="2.002"/>
  <testcase name="test[133 Test: ]" classname="com.github.louism33.axolotl.evaluation.MateTest" time="0.017"/>
  <testcase name="test[134 Test: ]" classname="com.github.louism33.axolotl.evaluation.MateTest" time="0.018"/>
  <testcase name="test[135 Test: ]" classname="com.github.louism33.axolotl.evaluation.MateTest" time="0.08"/>
  <testcase name="test[136 Test: ]" classname="com.github.louism33.axolotl.evaluation.MateTest" time="0.013"/>
  <testcase name="test[137 Test: ]" classname="com.github.louism33.axolotl.evaluation.MateTest" time="0.033"/>
  <testcase name="test[138 Test: ]" classname="com.github.louism33.axolotl.evaluation.MateTest" time="0.018"/>
  <testcase name="test[139 Test: ]" classname="com.github.louism33.axolotl.evaluation.MateTest" time="0.015"/>
  <testcase name="test[140 Test: ]" classname="com.github.louism33.axolotl.evaluation.MateTest" time="0.023"/>
  <testcase name="test[141 Test: ]" classname="com.github.louism33.axolotl.evaluation.MateTest" time="0.011"/>
  <testcase name="test[142 Test: ]" classname="com.github.louism33.axolotl.evaluation.MateTest" time="0.013"/>
  <testcase name="test[143 Test: ]" classname="com.github.louism33.axolotl.evaluation.MateTest" time="1.425"/>
  <testcase name="test[144 Test: ]" classname="com.github.louism33.axolotl.evaluation.MateTest" time="0.012"/>
  <testcase name="test[145 Test: ]" classname="com.github.louism33.axolotl.evaluation.MateTest" time="0.019"/>
  <testcase name="test[146 Test: ]" classname="com.github.louism33.axolotl.evaluation.MateTest" time="0.024"/>
  <testcase name="test[147 Test: ]" classname="com.github.louism33.axolotl.evaluation.MateTest" time="0.008"/>
  <testcase name="test[148 Test: ]" classname="com.github.louism33.axolotl.evaluation.MateTest" time="0.045"/>
  <testcase name="test[149 Test: ]" classname="com.github.louism33.axolotl.evaluation.MateTest" time="0.192"/>
</testsuite>